<?xml version="1.0" encoding="UTF-8"?>
<!-- Generated by org.testng.reporters.JUnitReportReporter -->
<testsuite skipped="0" hostname="P2B-6C59NK2" name="com.accenture.tests.Demo05_cookies" tests="1" failures="0" timestamp="08 Sep 2018 07:37:21 GMT" time="5.833" errors="0">
  <testcase name="demoTest" time="5.833" classname="com.accenture.tests.Demo05_cookies"/>
</testsuite> <!-- com.accenture.tests.Demo05_cookies -->
