<?xml version="1.0" encoding="UTF-8"?>
<!-- Generated by org.testng.reporters.JUnitReportReporter -->
<testsuite skipped="0" hostname="P2B-6C59NK2" name="com.accenture.tests.Demo07_DatadrivenTest" tests="1" failures="0" timestamp="08 Sep 2018 10:47:29 GMT" time="13.883" errors="0">
  <testcase name="datExcel" time="13.883" classname="com.accenture.tests.Demo07_DatadrivenTest"/>
</testsuite> <!-- com.accenture.tests.Demo07_DatadrivenTest -->
