<?xml version="1.0" encoding="UTF-8"?>
<!-- Generated by org.testng.reporters.JUnitReportReporter -->
<testsuite skipped="0" hostname="P2B-6C59NK2" name="com.accenture.tests.Demo03_Takescreenshot" tests="1" failures="0" timestamp="08 Sep 2018 07:13:29 GMT" time="5.990" errors="0">
  <testcase name="demoTest" time="5.990" classname="com.accenture.tests.Demo03_Takescreenshot"/>
</testsuite> <!-- com.accenture.tests.Demo03_Takescreenshot -->
