<?xml version="1.0" encoding="UTF-8"?>
<!-- Generated by org.testng.reporters.JUnitReportReporter -->
<testsuite skipped="0" hostname="P2B-6C59NK2" name="com.accenture.tests.Demo04_Javascript" tests="1" failures="0" timestamp="08 Sep 2018 07:20:57 GMT" time="6.320" errors="0">
  <testcase name="demoTest" time="6.320" classname="com.accenture.tests.Demo04_Javascript"/>
</testsuite> <!-- com.accenture.tests.Demo04_Javascript -->
