<?xml version="1.0" encoding="UTF-8"?>
<!-- Generated by org.testng.reporters.JUnitReportReporter -->
<testsuite skipped="0" hostname="P2B-6C59NK2" name="com.accenture.tests.Demo2_Robotuploadfile" tests="1" failures="0" timestamp="08 Sep 2018 06:47:33 GMT" time="4.795" errors="0">
  <testcase name="f" time="4.795" classname="com.accenture.tests.Demo2_Robotuploadfile"/>
</testsuite> <!-- com.accenture.tests.Demo2_Robotuploadfile -->
