<?xml version="1.0" encoding="UTF-8"?>
<!-- Generated by org.testng.reporters.JUnitReportReporter -->
<testsuite skipped="1" hostname="P2B-6C59NK2" name="com.accenture.tests.Demo01_Action" tests="2" failures="0" timestamp="08 Sep 2018 06:17:29 GMT" time="1.982" errors="0">
  <testcase name="demoRobot" time="1.982" classname="com.accenture.tests.Demo01_Action"/>
  <testcase name="demoTest" classname="com.accenture.tests.Demo01_Action">
    <skipped/>
  </testcase> <!-- demoTest -->
</testsuite> <!-- com.accenture.tests.Demo01_Action -->
